[LOG] Set up serial port
[LOG] Initialized the PIT
[LOG] Initialized the GDT
[LOG] Initialited the IDT
[LOG] Initialized keyboard
[LOG] Initialized paged memory
[LOG] Initialized kmalloc
[LOG] Set up kernel process
[LOG] Saved module binaries
[LOG] Initialized user process vector
[LOG] Set up kernel process
[LOG] Initialized the scheduler
[LOG] Selected Drive supports LBA48
[LOG] Number of addressable LBA28 sectors: 
[LOG] 524288
[LOG] Initialized disk driver
[LOG] Initialized the filesystem
[LOG] Wrote module binaries to files in the modules directory
[LOG] Size of screen write:
[LOG] 15
[LOG] Printing:
[LOG] H
[LOG] Printing:
[LOG] e
[LOG] Printing:
[LOG] l
[LOG] Printing:
[LOG] l
[LOG] Printing:
[LOG] o
[LOG] Printing:
[LOG]  
[LOG] Printing:
[LOG] B
[LOG] Printing:
[LOG] r
[LOG] Printing:
[LOG] i
[LOG] Printing:
[LOG] c
[LOG] Printing:
[LOG] k
[LOG] Printing:
[LOG] O
[LOG] Printing:
[LOG] S
[LOG] Printing:
[LOG] !
[LOG] Size of screen write:
[LOG] 29
[LOG] Printing:
[LOG] T
[LOG] Printing:
[LOG] y
[LOG] Printing:
[LOG] p
[LOG] Printing:
[LOG] e
[LOG] Printing:
[LOG]  
[LOG] Printing:
[LOG] '
[LOG] Printing:
[LOG] h
[LOG] Printing:
[LOG] e
[LOG] Printing:
[LOG] l
[LOG] Printing:
[LOG] p
[LOG] Printing:
[LOG] '
[LOG] Printing:
[LOG]  
[LOG] Printing:
[LOG] f
[LOG] Printing:
[LOG] o
[LOG] Printing:
[LOG] r
[LOG] Printing:
[LOG]  
[LOG] Printing:
[LOG] c
[LOG] Printing:
[LOG] o
[LOG] Printing:
[LOG] m
[LOG] Printing:
[LOG] m
[LOG] Printing:
[LOG] a
[LOG] Printing:
[LOG] n
[LOG] Printing:
[LOG] d
[LOG] Printing:
[LOG]  
[LOG] Printing:
[LOG] l
[LOG] Printing:
[LOG] i
[LOG] Printing:
[LOG] s
[LOG] Printing:
[LOG] t
[LOG] Size of screen write:
[LOG] 1
[LOG] Printing:
[LOG] a
[LOG] Size of screen write:
[LOG] 1
[LOG] Printing:
[LOG] w
[LOG] Size of screen write:
[LOG] 1
[LOG] Printing:
[LOG] d
[LOG] Size of screen write:
[LOG] 1
[LOG] Printing:
[LOG] w
[LOG] Size of screen write:
[LOG] 1
[LOG] Printing:
[LOG] d
[LOG] Size of screen write:
[LOG] 1
[LOG] Printing:
[LOG] w
[LOG] Size of screen write:
[LOG] 1
[LOG] Printing:
[LOG] a
[LOG] Size of screen write:
[LOG] 1
[LOG] Printing:
[LOG] N
[LOG] Size of screen write:
[LOG] 1
[LOG] Printing:
[LOG] i
[LOG] Size of screen write:
[LOG] 1
[LOG] Printing:
[LOG] c
[LOG] Size of screen write:
[LOG] 1
[LOG] Printing:
[LOG] e
[LOG] Size of screen write:
[LOG] 1
[LOG] Printing:
[LOG]  
[LOG] Size of screen write:
[LOG] 1
[LOG] Printing:
[LOG]  
[LOG] Size of screen write:
[LOG] 1
[LOG] Size of screen write:
[LOG] 1
[LOG] Size of screen write:
[LOG] 1
[LOG] Size of screen write:
[LOG] 1
[LOG] Size of screen write:
[LOG] 1
[LOG] Size of screen write:
[LOG] 1
[LOG] Size of screen write:
[LOG] 1
[LOG] Size of screen write:
[LOG] 1
[LOG] Size of screen write:
[LOG] 1
[LOG] Size of screen write:
[LOG] 1
[LOG] Size of screen write:
[LOG] 1
[LOG] Size of screen write:
[LOG] 1
[LOG] Size of screen write:
[LOG] 1
[LOG] Printing:
[LOG] d
[LOG] Size of screen write:
[LOG] 1
[LOG] Printing:
[LOG] a
[LOG] Size of screen write:
[LOG] 1
[LOG] Printing:
[LOG] w
[LOG] Size of screen write:
[LOG] 1
[LOG] Printing:
[LOG] d
[LOG] Size of screen write:
[LOG] 1
[LOG] Printing:
[LOG] a
[LOG] Size of screen write:
[LOG] 1
[LOG] Printing:
[LOG] w
[LOG] Size of screen write:
[LOG] 1
[LOG] Printing:
[LOG]  
[LOG] Size of screen write:
[LOG] 1
[LOG] Printing:
[LOG] d
[LOG] Size of screen write:
[LOG] 1
[LOG] Printing:
[LOG] a
[LOG] Size of screen write:
[LOG] 1
[LOG] Size of screen write:
[LOG] 1
[LOG] Printing:
[LOG] a
[LOG] Size of screen write:
[LOG] 1
[LOG] Size of screen write:
[LOG] 1
[LOG] Printing:
[LOG] d
[LOG] Size of screen write:
[LOG] 1
[LOG] Printing:
[LOG] a
[LOG] Size of screen write:
[LOG] 1
[LOG] Printing:
[LOG]  
[LOG] Size of screen write:
[LOG] 1
[LOG] Size of screen write:
[LOG] 1
[LOG] Printing:
[LOG] w
[LOG] Size of screen write:
[LOG] 1
[LOG] Printing:
[LOG] d
[LOG] Size of screen write:
[LOG] 1
[LOG] Size of screen write:
[LOG] 1
[LOG] Printing:
[LOG] a
[LOG] Size of screen write:
[LOG] 1
[LOG] Printing:
[LOG] w
[LOG] Size of screen write:
[LOG] 1
[LOG] Printing:
[LOG]  
[LOG] Size of screen write:
[LOG] 1
[LOG] Size of screen write:
[LOG] 1
[LOG] Size of screen write:
[LOG] 1
[LOG] Printing:
[LOG] L
[LOG] Size of screen write:
[LOG] 1
[LOG] Printing:
[LOG] e
[LOG] Size of screen write:
[LOG] 1
[LOG] Printing:
[LOG] t
[LOG] Size of screen write:
[LOG] 1
[LOG] Printing:
[LOG] s
[LOG] Size of screen write:
[LOG] 1
[LOG] Printing:
[LOG]  
[LOG] Size of screen write:
[LOG] 1
[LOG] Printing:
[LOG] g
[LOG] Size of screen write:
[LOG] 1
[LOG] Printing:
[LOG] o
[LOG] Size of screen write:
[LOG] 1
[LOG] Printing:
[LOG] o
[LOG] Size of screen write:
[LOG] 1
[LOG] Printing:
[LOG] o
[LOG] Size of screen write:
[LOG] 1
[LOG] Printing:
[LOG] o
[LOG] Size of screen write:
[LOG] 1
[LOG] Printing:
[LOG] o
[LOG] Size of screen write:
[LOG] 1
[LOG] Printing:
[LOG] o
[LOG] Size of screen write:
[LOG] 1
[LOG] Printing:
[LOG] o
[LOG] Size of screen write:
[LOG] 1
[LOG] Printing:
[LOG] o
[LOG] Size of screen write:
[LOG] 1
[LOG] Printing:
[LOG] o
[LOG] Size of screen write:
[LOG] 1
[LOG] Printing:
[LOG] o
[LOG] Size of screen write:
[LOG] 1
[LOG] Printing:
[LOG] o
[LOG] Size of screen write:
[LOG] 1
[LOG] Printing:
[LOG] o
[LOG] Size of screen write:
[LOG] 1
[LOG] Printing:
[LOG] o
[LOG] Size of screen write:
[LOG] 1
[LOG] Printing:
[LOG] o
[LOG] Size of screen write:
[LOG] 1
[LOG] Printing:
[LOG] o
[LOG] Size of screen write:
[LOG] 1
[LOG] Printing:
[LOG] o
[LOG] Size of screen write:
[LOG] 1
[LOG] Printing:
[LOG] o
[LOG] Size of screen write:
[LOG] 1
[LOG] Printing:
[LOG] o
[LOG] Size of screen write:
[LOG] 1
[LOG] Size of screen write:
[LOG] 1
[LOG] Printing:
[LOG] !
[LOG] Size of screen write:
[LOG] 1
[LOG] Size of screen write:
[LOG] 1
[LOG] Printing:
[LOG] q
[LOG] Size of screen write:
[LOG] 1
[LOG] Size of screen write:
[LOG] 1
[LOG] Printing:
[LOG] c
[LOG] Size of screen write:
[LOG] 1
[LOG] Printing:
[LOG] l
[LOG] Size of screen write:
[LOG] 1
[LOG] Printing:
[LOG] e
[LOG] Size of screen write:
[LOG] 1
[LOG] Printing:
[LOG] a
[LOG] Size of screen write:
[LOG] 1
[LOG] Printing:
[LOG] r
[LOG] Size of screen write:
[LOG] 1
[LOG] Size of screen write:
[LOG] 1
[LOG] Printing:
[LOG] n
[LOG] Size of screen write:
[LOG] 1
[LOG] Printing:
[LOG] i
[LOG] Size of screen write:
[LOG] 1
[LOG] Printing:
[LOG] c
[LOG] Size of screen write:
[LOG] 1
[LOG] Printing:
[LOG] e
[LOG] Size of screen write:
[LOG] 1
